2025-03-30 20:05:40,228 - WARNING - Estructura inesperada. Campos encontrados: ['status', 'Titulo', 'Descripcion', 'Imagen', 'Archivo', 'Fecha', 'Cliente', 'Unidad_de_negocio', 'Presupuesto', 'Area', 'Palabras_clave']
2025-03-30 20:05:40,228 - WARNING - El archivo no tiene la estructura esperada. Intentando procesar igual...
2025-03-30 20:10:50,444 - WARNING - Estructura inesperada. Campos encontrados: ['status', 'Titulo', 'Descripcion', 'Imagen', 'Archivo', 'Fecha', 'Cliente', 'Unidad_de_negocio', 'Presupuesto', 'Area', 'Palabras_clave']
2025-03-30 20:10:50,444 - WARNING - El archivo no tiene la estructura esperada. Intentando procesar igual...
2025-03-30 20:46:37,975 - WARNING - Estructura inesperada. Campos requeridos: {'servicios', 'cliente'}
2025-03-30 20:46:37,975 - WARNING - Campos encontrados: ['status', 'Titulo', 'Descripcion', 'Imagen', 'Archivo', 'Fecha', 'Cliente', 'Unidad_de_negocio', 'Presupuesto', 'Area', 'Palabras_clave']
2025-03-30 20:46:37,975 - WARNING - El archivo no tiene la estructura esperada. Intentando procesar igual...
2025-03-30 20:46:37,989 - WARNING - Item omitido: falta nombre de cliente (Municipalidad de Maipú.) o servicios ()
2025-03-30 20:46:37,989 - WARNING - Item omitido: falta nombre de cliente (Municipalidad de Guaymallén) o servicios ()
2025-03-30 20:46:37,989 - WARNING - Item omitido: falta nombre de cliente (Patrulleros inteligentes) o servicios ()
2025-03-30 20:46:37,989 - WARNING - Item omitido: falta nombre de cliente (Torre Laureana y Hotel Fuente Mayor) o servicios ()
2025-03-30 20:46:37,990 - WARNING - Item omitido: falta nombre de cliente (Cancillería de la República Argentina. Cumbre Mercosur 2017.) o servicios ()
2025-03-30 20:46:37,990 - WARNING - Item omitido: falta nombre de cliente (Hospital Perrupato) o servicios ()
2025-03-30 20:46:37,990 - WARNING - Item omitido: falta nombre de cliente (Hospital Perrupato) o servicios ()
2025-03-30 20:46:37,990 - WARNING - Item omitido: falta nombre de cliente (Hospital Perrupato) o servicios ()
2025-03-30 20:46:37,990 - WARNING - Item omitido: falta nombre de cliente (Municipalidad de Guaymallén) o servicios ()
2025-03-30 20:46:37,990 - WARNING - Item omitido: falta nombre de cliente (Hotel Fuente Mayor) o servicios ()
2025-03-30 20:46:37,990 - WARNING - Item omitido: falta nombre de cliente (Aeropuertos Argentina 2000) o servicios ()
2025-03-30 20:46:37,990 - WARNING - Item omitido: falta nombre de cliente (Aeropuertos Argentina 2000) o servicios ()
2025-03-30 20:46:37,990 - WARNING - Item omitido: falta nombre de cliente (Aeropuertos Argentina 2000) o servicios ()
2025-03-30 20:46:37,990 - WARNING - Item omitido: falta nombre de cliente (Aeropuertos Argentina 2000) o servicios ()
2025-03-30 20:46:37,990 - WARNING - Item omitido: falta nombre de cliente (Aeropuertos Argentina 2000) o servicios ()
2025-03-30 20:46:37,990 - WARNING - Item omitido: falta nombre de cliente (Torre Victoriano Civit) o servicios ()
2025-03-30 20:46:37,990 - WARNING - Item omitido: falta nombre de cliente (COPA AMERICA 2012. Estadio Malvinas Argentinas.) o servicios ()
2025-03-30 20:46:37,990 - WARNING - Item omitido: falta nombre de cliente (Universidad Nacional de Cuyo) o servicios ()
2025-03-30 20:46:37,990 - WARNING - Item omitido: falta nombre de cliente (Municipalidad de San Martin) o servicios ()
2025-03-30 20:46:37,990 - WARNING - Item omitido: falta nombre de cliente (AFIP) o servicios ()
2025-03-30 20:46:37,990 - WARNING - Item omitido: falta nombre de cliente (Bodega Domaine Bousquet) o servicios ()
2025-03-30 20:46:37,990 - WARNING - Item omitido: falta nombre de cliente (Bodega Domaine Bousquet) o servicios ()
2025-03-30 20:46:37,990 - WARNING - Item omitido: falta nombre de cliente (Bodega Domaine Bousquet) o servicios ()
2025-03-30 20:46:37,990 - WARNING - Item omitido: falta nombre de cliente (Quilmes) o servicios ()
2025-03-30 20:46:37,990 - WARNING - Item omitido: falta nombre de cliente (Acequia TV) o servicios ()
2025-03-30 20:46:37,990 - WARNING - Item omitido: falta nombre de cliente (José Nuecete Hijos) o servicios ()
2025-03-30 20:46:37,990 - WARNING - Item omitido: falta nombre de cliente (Alquimaq) o servicios ()
2025-03-30 20:46:37,990 - WARNING - Item omitido: falta nombre de cliente (Supermercados Aiello) o servicios ()
2025-03-30 20:46:37,990 - WARNING - Item omitido: falta nombre de cliente (Cámara de Comercio de San Martin) o servicios ()
2025-03-30 20:46:37,990 - WARNING - Item omitido: falta nombre de cliente (Universidad Maza) o servicios ()
2025-03-30 20:46:37,990 - WARNING - Item omitido: falta nombre de cliente (Municipalidad de San Martin) o servicios ()
2025-03-30 20:46:37,990 - WARNING - Item omitido: falta nombre de cliente (Quilmes) o servicios ()
2025-03-30 20:46:37,990 - WARNING - Item omitido: falta nombre de cliente (Gas Andes) o servicios ()
2025-03-30 20:46:37,990 - WARNING - Item omitido: falta nombre de cliente (ISI Solutions) o servicios ()
2025-03-30 20:46:37,990 - WARNING - Item omitido: falta nombre de cliente (Telecom) o servicios ()
2025-03-30 20:46:37,990 - WARNING - Item omitido: falta nombre de cliente (Telecom) o servicios ()
2025-03-30 20:46:37,990 - WARNING - Item omitido: falta nombre de cliente (Telecom) o servicios ()
2025-03-30 20:46:37,990 - WARNING - Item omitido: falta nombre de cliente (TELECOM) o servicios ()
2025-03-30 20:46:37,991 - WARNING - Item omitido: falta nombre de cliente (EMEPA) o servicios ()
2025-03-30 20:46:37,991 - WARNING - Item omitido: falta nombre de cliente (Internet Córdoba) o servicios ()
2025-03-30 20:46:37,991 - WARNING - Item omitido: falta nombre de cliente (JM Soluciones) o servicios ()
2025-03-30 20:46:37,991 - WARNING - Item omitido: falta nombre de cliente (Cooperativa de Alto Verde) o servicios ()
2025-03-30 20:46:37,991 - WARNING - Item omitido: falta nombre de cliente (Supermercados Aiello) o servicios ()
2025-03-30 20:46:37,991 - WARNING - Item omitido: falta nombre de cliente (Motos Keller) o servicios ()
2025-03-30 20:46:37,991 - WARNING - Item omitido: falta nombre de cliente (ISI Solutions) o servicios ()
2025-03-30 20:46:37,991 - WARNING - Item omitido: falta nombre de cliente (Ministerio de Deportes. Gobierno de Mendoza.) o servicios ()
2025-03-30 20:46:37,991 - WARNING - Item omitido: falta nombre de cliente (TELECOMBTW S.A.) o servicios ()
2025-03-30 20:46:37,991 - WARNING - Item omitido: falta nombre de cliente (Bodega Domaine Bousquet) o servicios ()
2025-03-30 20:46:37,991 - WARNING - Item omitido: falta nombre de cliente (Inspección de Causes asociadas de San Martín) o servicios ()
2025-03-30 20:46:37,991 - WARNING - Item omitido: falta nombre de cliente (Indyca SRL) o servicios ()
